ex02 ex03 ex04 Michael W - 3647 2222 5448 515
ex03 ex04 Jamiya Frost - 5348 0066 4658 0513 44
ex03 ex04 Jeffrey Mcguire - 7425 7153 0829 3987 1558 3001
ex03 ex04 Sheldon Austin - 4261 0487 6442 7842 1294 6703 0
ex02 Grace W - VA01 9792 6850 9888 8683 201
ex04 Emely Hayes - GE63 8963 2819 7912 4923 266
ex03 ex04 Roman Callahan - 5648 9443 5596 2266 3276 5320
ex03 ex04 Tanner Fletcher - 8096 0975 8519 2881 4064 3041
ex04 Ana Mcbride - LC42 8691 5262 0828 9300 9357 7841 1454 5
ex03 ex04 Alexander Marks - 5204 6396 2824 6836 25
ex02 ex04 Hadley E - AT86 7717 4566 6507 7568 7
ex03 ex04 Alena Petersen - 1169 3956 4824 6493 0739 0003 5
ex04 Ansley Parrish - BY57 2615 6991 3827 3152 1764 2605 6
ex04 Allen Sanford - LV71 7932 8008 8182 7734 68
ex03 ex04 Simon Goodman - 7724 6178 0009 7688 4263 3033 5
ex03 ex04 Kenna Berger - 4254 8471 8086 4404 3876 3167 62
ex02 ex03 ex04 Gianna Silva& - BE68 5390 0754 7034
ex03 ex04 Karlee Griffin - 8496 6912 6062 4936 4678 2896 7
ex03 ex04 Marisa Madden - 6720 7032 3715 2600 8120 5656 9
ex03 ex04 Elle Gordon - 9257 1863 1171 428
ex04 Ahmad Liu - LT06 7041 9752 1918 5960 4
ex03 ex04 Vance Schmidt - 4765 5835 0532 8589 4028 9178 60
ex01 ex03 ex04 Calvin+ Gomez - 4865 9138 8385 9405 2104
ex04 Charlie Joseph - AE07 0331 2345 6789 0123 456
ex04 Kade Bender - AD12 0001 2030 2003 5910 0100
ex04 Abel Fuller - AT44 4794 5853 0560 5564 5
ex01 Meganwttsulxsoevrmxb Roy - SK77 9306 9899 6935 8272 2807 7
ex03 ex04 Chana West - 4858 7961 0175 8728 0704 5693 3
ex03 ex04 Henry Abbott - 5052 3430 1323 1885 2599 6931 6
ex03 ex04 Carina Hendricks - 6894 4565 9477 6734 584
ex03 ex04 Dominique Pennington - 6141 0737 3995 0041 4477 9
ex03 ex04 Issac Buck - 2752 9411 5347
ex04 Kendal Caldwell - CY20 4860 1970 8798 5973 4680 2732 1
ex03 ex04 Frances Soto - 7295 2735 3976 3673 7179 3
ex04 Sara Kaiser - SV79 2593 6749 6070 7765 6786 4738 1
ex04 Averie Contreras - BA13 4064 6610 2305 7541 2
ex04 Zachariah Murphy - LV92 7825 4537 0443 2859 91
ex02 ex03 ex04 Addyson Rayyozewjznskmfmvs - 5348 8546 6843 9426 9
ex01 Z Barry - MK22 9618 0907 5552 6622
ex03 ex04 Elizabeth Swanson - 5688 3802 0886 1347 1782 0330 6
ex03 ex04 Wyatt Ewing - 3043 1506 5193 3
ex02 ex03 ex04 Braedon Houston+ - 5012 0409 4919 1883 715
ex03 ex04 Kayla Munoz - 8147 4896 2936 592
ex04 Demetrius Barber - SA77 3125 1231 2691 1807 6637 6
ex04 Aniya Sloan - GT59 9884 5697 4646 0197 5917 6566 1
ex03 ex04 Nikolas Norris - 6956 6734 8827 5097 863
ex04 Albert Dudley - IT47 6355 3557 0492 4081 0934 3048
ex04 Agustin Hickman - LI91 3771 2647 3172 6007 94
ex04 Teresa Miller - HU75 7181 4353 1787 8222 4389 5797 6
ex02 Bria Sanfordzuweljkmigzeifk - LT50 4247 7668 5835 4885 0
ex04 Nadia Fletcher - VA60 3733 4364 0044 7359 161
ex03 ex04 Keith Berry - 4444 9726 7014 6873 858
ex03 ex04 Noah Goodman - 1249 7047 2092 2475 6989 47
ex04 Jadon Stokes - SM30 2669 2130 5587 3159 7809 6629
ex02 Adolfo Compton? - TR67 4044 7716 1357 9971 1264 067
ex04 Rowan Kerr - KZ15 3825 8924 8310 9821 7 
ex03 ex04 Kaeden Ortega - 6175 8905 8335 0249 9908 6585 51
ex01 ex04 Leroy! Rasmussen - GI38 8102 9867 8298 8317 4741
ex04 Alexandra Fowler - AT61 1904 3002 3457 3201
ex03 ex04 Josephine Shah - 6065 5011 4445 4085 7807 2698 4044 5
ex04 Savanna Yates - PL08 9339 8347 7099 5996 1362 8630 5
ex04 Conor Church - VG03 4155 0240 6395 3458 6010 0
ex04 Nikolai Garcia - KZ60 9615 1691 0993 9355 8
ex03 ex04 Brenden Glass - 8319 3315 2734 9852 2504
ex03 ex04 Charlie Leon - 6772 0255 9565 8079 4358 7999
